<?xml version="1.0" encoding="UTF-8"?>
<testsuite xmlns:xsi="http://www.w3.org/2001/XMLSchema-instance" xsi:noNamespaceSchemaLocation="https://maven.apache.org/surefire/maven-surefire-plugin/xsd/surefire-test-report.xsd" version="3.0.2" name="com.example.auth_service.auth.AuthApplicationTests" time="5.141" tests="1" errors="0" skipped="0" failures="0">
  <properties>
[...]
</properties>
  <testcase name="contextLoads" classname="com.example.auth_service.auth.AuthApplicationTests" time="0.519">
    <system-out><![CDATA[14:34:00.223 [main] INFO org.springframework.test.context.support.AnnotationConfigContextLoaderUtils -- Could not detect default configuration classes for test class [com.example.auth_service.auth.AuthApplicationTests]: AuthApplicationTests does not declare any static, non-private, non-final, nested classes annotated with @Configuration.
14:34:00.306 [main] INFO org.springframework.boot.test.context.SpringBootTestContextBootstrapper -- Found @SpringBootConfiguration com.example.auth_service.AuthApplication for test class com.example.auth_service.auth.AuthApplicationTests

  .   ____          _            __ _ _
 /\\ / ___'_ __ _ _(_)_ __  __ _ \ \ \ \
( ( )\___ | '_ | '_| | '_ \/ _` | \ \ \ \
 \\/  ___)| |_)| | | | | || (_| |  ) ) ) )
  '  |____| .__|_| |_|_| |_\__, | / / / /
 =========|_|==============|___/=/_/_/_/

 :: Spring Boot ::                (v3.4.1)

2025-02-12T14:34:00.761+01:00  INFO 992779 --- [auth] [           main] c.e.a.auth.AuthApplicationTests          : Starting AuthApplicationTests using Java 22.0.1 with PID 992779 (started by marcos in /home/marcos/ProyectosClase/proyecto_marzo2/Proyecto-Marzo-Backend/auth)
2025-02-12T14:34:00.763+01:00  INFO 992779 --- [auth] [           main] c.e.a.auth.AuthApplicationTests          : No active profile set, falling back to 1 default profile: "default"
2025-02-12T14:34:01.311+01:00  INFO 992779 --- [auth] [           main] .s.d.r.c.RepositoryConfigurationDelegate : Bootstrapping Spring Data JPA repositories in DEFAULT mode.
2025-02-12T14:34:01.406+01:00  INFO 992779 --- [auth] [           main] .s.d.r.c.RepositoryConfigurationDelegate : Finished Spring Data repository scanning in 78 ms. Found 1 JPA repository interface.
2025-02-12T14:34:01.604+01:00  INFO 992779 --- [auth] [           main] o.s.cloud.context.scope.GenericScope     : BeanFactory id=8dc809df-ee42-3071-a5b7-50e6cfcade72
2025-02-12T14:34:01.846+01:00  INFO 992779 --- [auth] [           main] o.hibernate.jpa.internal.util.LogHelper  : HHH000204: Processing PersistenceUnitInfo [name: default]
2025-02-12T14:34:01.889+01:00  INFO 992779 --- [auth] [           main] org.hibernate.Version                    : HHH000412: Hibernate ORM core version 6.6.4.Final
2025-02-12T14:34:01.909+01:00  INFO 992779 --- [auth] [           main] o.h.c.internal.RegionFactoryInitiator    : HHH000026: Second-level cache disabled
2025-02-12T14:34:02.079+01:00  INFO 992779 --- [auth] [           main] o.s.o.j.p.SpringPersistenceUnitInfo      : No LoadTimeWeaver setup: ignoring JPA class transformer
2025-02-12T14:34:02.098+01:00  INFO 992779 --- [auth] [           main] com.zaxxer.hikari.HikariDataSource       : HikariPool-1 - Starting...
2025-02-12T14:34:02.505+01:00  INFO 992779 --- [auth] [           main] com.zaxxer.hikari.pool.HikariPool        : HikariPool-1 - Added connection com.mysql.cj.jdbc.ConnectionImpl@c30f26d
2025-02-12T14:34:02.508+01:00  INFO 992779 --- [auth] [           main] com.zaxxer.hikari.HikariDataSource       : HikariPool-1 - Start completed.
2025-02-12T14:34:02.534+01:00  WARN 992779 --- [auth] [           main] org.hibernate.orm.deprecation            : HHH90000025: MySQL8Dialect does not need to be specified explicitly using 'hibernate.dialect' (remove the property setting and it will be selected by default)
2025-02-12T14:34:02.535+01:00  WARN 992779 --- [auth] [           main] org.hibernate.orm.deprecation            : HHH90000026: MySQL8Dialect has been deprecated; use org.hibernate.dialect.MySQLDialect instead
2025-02-12T14:34:02.558+01:00  INFO 992779 --- [auth] [           main] org.hibernate.orm.connections.pooling    : HHH10001005: Database info:
	Database JDBC URL [Connecting through datasource 'HikariDataSource (HikariPool-1)']
	Database driver: undefined/unknown
	Database version: 8.0
	Autocommit mode: undefined/unknown
	Isolation level: undefined/unknown
	Minimum pool size: undefined/unknown
	Maximum pool size: undefined/unknown
2025-02-12T14:34:03.401+01:00  INFO 992779 --- [auth] [           main] o.h.e.t.j.p.i.JtaPlatformInitiator       : HHH000489: No JTA platform available (set 'hibernate.transaction.jta.platform' to enable JTA platform integration)
2025-02-12T14:34:03.485+01:00  INFO 992779 --- [auth] [           main] j.LocalContainerEntityManagerFactoryBean : Initialized JPA EntityManagerFactory for persistence unit 'default'
2025-02-12T14:34:03.836+01:00  WARN 992779 --- [auth] [           main] JpaBaseConfiguration$JpaWebConfiguration : spring.jpa.open-in-view is enabled by default. Therefore, database queries may be performed during view rendering. Explicitly configure spring.jpa.open-in-view to disable this warning
2025-02-12T14:34:03.909+01:00  INFO 992779 --- [auth] [           main] o.s.c.openfeign.FeignClientFactoryBean   : For 'userService' URL not provided. Will try picking an instance via load-balancing.
2025-02-12T14:34:04.360+01:00  INFO 992779 --- [auth] [           main] DiscoveryClientOptionalArgsConfiguration : Eureka HTTP Client uses RestTemplate.
2025-02-12T14:34:04.383+01:00  WARN 992779 --- [auth] [           main] iguration$LoadBalancerCaffeineWarnLogger : Spring Cloud LoadBalancer is currently working with the default cache. While this cache implementation is useful for development and tests, it's recommended to use Caffeine cache in production.You can switch to using Caffeine cache, by adding it and org.springframework.cache.caffeine.CaffeineCacheManager to the classpath.
2025-02-12T14:34:04.401+01:00  INFO 992779 --- [auth] [           main] o.s.c.n.eureka.InstanceInfoFactory       : Setting initial instance status as: STARTING
2025-02-12T14:34:04.419+01:00  INFO 992779 --- [auth] [           main] com.netflix.discovery.DiscoveryClient    : Initializing Eureka in region us-east-1
2025-02-12T14:34:04.422+01:00  INFO 992779 --- [auth] [           main] c.n.d.s.r.aws.ConfigClusterResolver      : Resolving eureka endpoints via configuration
2025-02-12T14:34:04.427+01:00  INFO 992779 --- [auth] [           main] com.netflix.discovery.DiscoveryClient    : Disable delta property : false
2025-02-12T14:34:04.427+01:00  INFO 992779 --- [auth] [           main] com.netflix.discovery.DiscoveryClient    : Single vip registry refresh property : null
2025-02-12T14:34:04.427+01:00  INFO 992779 --- [auth] [           main] com.netflix.discovery.DiscoveryClient    : Force full registry fetch : false
2025-02-12T14:34:04.427+01:00  INFO 992779 --- [auth] [           main] com.netflix.discovery.DiscoveryClient    : Application is null : false
2025-02-12T14:34:04.427+01:00  INFO 992779 --- [auth] [           main] com.netflix.discovery.DiscoveryClient    : Registered Applications size is zero : true
2025-02-12T14:34:04.427+01:00  INFO 992779 --- [auth] [           main] com.netflix.discovery.DiscoveryClient    : Application version is -1: true
2025-02-12T14:34:04.427+01:00  INFO 992779 --- [auth] [           main] com.netflix.discovery.DiscoveryClient    : Getting all instance registry info from the eureka server
2025-02-12T14:34:04.672+01:00  INFO 992779 --- [auth] [           main] com.netflix.discovery.DiscoveryClient    : The response status is 200
2025-02-12T14:34:04.674+01:00  INFO 992779 --- [auth] [           main] com.netflix.discovery.DiscoveryClient    : Starting heartbeat executor: renew interval is: 30
2025-02-12T14:34:04.676+01:00  INFO 992779 --- [auth] [           main] c.n.discovery.InstanceInfoReplicator     : InstanceInfoReplicator onDemand update allowed rate per min is 4
2025-02-12T14:34:04.678+01:00  INFO 992779 --- [auth] [           main] com.netflix.discovery.DiscoveryClient    : Discovery Client initialized at timestamp 1739367244677 with initial instances count: 1
2025-02-12T14:34:04.682+01:00  INFO 992779 --- [auth] [           main] o.s.c.n.e.s.EurekaServiceRegistry        : Registering application AUTH with eureka with status UP
2025-02-12T14:34:04.682+01:00  INFO 992779 --- [auth] [           main] com.netflix.discovery.DiscoveryClient    : Saw local status change event StatusChangeEvent [timestamp=1739367244682, current=UP, previous=STARTING]
2025-02-12T14:34:04.684+01:00  INFO 992779 --- [auth] [foReplicator-%d] com.netflix.discovery.DiscoveryClient    : DiscoveryClient_AUTH/192.168.1.128:auth:8082: registering service...
2025-02-12T14:34:04.692+01:00  INFO 992779 --- [auth] [           main] c.e.a.auth.AuthApplicationTests          : Started AuthApplicationTests in 4.172 seconds (process running for 5.095)
2025-02-12T14:34:04.736+01:00  INFO 992779 --- [auth] [foReplicator-%d] com.netflix.discovery.DiscoveryClient    : DiscoveryClient_AUTH/192.168.1.128:auth:8082 - registration status: 204
]]></system-out>
    <system-err><![CDATA[Mockito is currently self-attaching to enable the inline-mock-maker. This will no longer work in future releases of the JDK. Please add Mockito as an agent to your build what is described in Mockito's documentation: https://javadoc.io/doc/org.mockito/mockito-core/latest/org/mockito/Mockito.html#0.3
WARNING: A Java agent has been loaded dynamically (/home/marcos/.m2/repository/net/bytebuddy/byte-buddy-agent/1.15.11/byte-buddy-agent-1.15.11.jar)
WARNING: If a serviceability tool is in use, please run with -XX:+EnableDynamicAgentLoading to hide this warning
WARNING: If a serviceability tool is not in use, please run with -Djdk.instrument.traceUsage for more information
WARNING: Dynamic loading of agents will be disallowed by default in a future release
]]></system-err>
  </testcase>
</testsuite>